0 info it worked if it ends with ok
1 verbose cli [ '/usr/local/bin/node',
1 verbose cli   '/usr/local/bin/npm',
1 verbose cli   'install',
1 verbose cli   'json-server',
1 verbose cli   '-g' ]
2 info using npm@2.14.7
3 info using node@v4.2.2
4 verbose install initial load of /usr/local/lib/package.json
5 verbose readDependencies loading dependencies from /usr/local/lib/package.json
6 silly cache add args [ 'json-server', null ]
7 verbose cache add spec json-server
8 silly cache add parsed spec Result {
8 silly cache add   raw: 'json-server',
8 silly cache add   scope: null,
8 silly cache add   name: 'json-server',
8 silly cache add   rawSpec: '',
8 silly cache add   spec: '*',
8 silly cache add   type: 'range' }
9 silly addNamed json-server@*
10 verbose addNamed "*" is a valid semver range for json-server
11 silly addNameRange { name: 'json-server', range: '*', hasData: false }
12 silly mapToRegistry name json-server
13 silly mapToRegistry using default registry
14 silly mapToRegistry registry https://registry.npmjs.org/
15 silly mapToRegistry uri https://registry.npmjs.org/json-server
16 verbose addNameRange registry:https://registry.npmjs.org/json-server not in flight; fetching
17 verbose request uri https://registry.npmjs.org/json-server
18 verbose request no auth needed
19 info attempt registry request try #1 at 20:12:47
20 verbose request id f60473e7f5a8f238
21 verbose etag "EGXPNF7P2324LCI45LALSLNQ0"
22 http request GET https://registry.npmjs.org/json-server
23 http 304 https://registry.npmjs.org/json-server
24 verbose headers { date: 'Thu, 10 Dec 2015 17:12:47 GMT',
24 verbose headers   via: '1.1 varnish',
24 verbose headers   'cache-control': 'max-age=60',
24 verbose headers   etag: '"EGXPNF7P2324LCI45LALSLNQ0"',
24 verbose headers   age: '0',
24 verbose headers   connection: 'keep-alive',
24 verbose headers   'x-served-by': 'cache-ams4134-AMS',
24 verbose headers   'x-cache': 'HIT',
24 verbose headers   'x-cache-hits': '1',
24 verbose headers   'x-timer': 'S1449767567.891791,VS0,VE224',
24 verbose headers   vary: 'Accept' }
25 silly get cb [ 304,
25 silly get   { date: 'Thu, 10 Dec 2015 17:12:47 GMT',
25 silly get     via: '1.1 varnish',
25 silly get     'cache-control': 'max-age=60',
25 silly get     etag: '"EGXPNF7P2324LCI45LALSLNQ0"',
25 silly get     age: '0',
25 silly get     connection: 'keep-alive',
25 silly get     'x-served-by': 'cache-ams4134-AMS',
25 silly get     'x-cache': 'HIT',
25 silly get     'x-cache-hits': '1',
25 silly get     'x-timer': 'S1449767567.891791,VS0,VE224',
25 silly get     vary: 'Accept' } ]
26 verbose etag https://registry.npmjs.org/json-server from cache
27 verbose get saving json-server to /Users/aleksandrsabanin/.npm/registry.npmjs.org/json-server/.cache.json
28 silly addNameRange number 2 { name: 'json-server', range: '*', hasData: true }
29 silly addNameRange versions [ 'json-server',
29 silly addNameRange   [ '0.0.0',
29 silly addNameRange     '0.1.0',
29 silly addNameRange     '0.1.1',
29 silly addNameRange     '0.2.0',
29 silly addNameRange     '0.3.0',
29 silly addNameRange     '0.3.1',
29 silly addNameRange     '0.3.2',
29 silly addNameRange     '0.3.3',
29 silly addNameRange     '0.3.4',
29 silly addNameRange     '0.3.5',
29 silly addNameRange     '0.3.6',
29 silly addNameRange     '0.3.7',
29 silly addNameRange     '0.3.8',
29 silly addNameRange     '0.3.9',
29 silly addNameRange     '0.3.10',
29 silly addNameRange     '0.3.11',
29 silly addNameRange     '0.4.0',
29 silly addNameRange     '0.4.1',
29 silly addNameRange     '0.4.2',
29 silly addNameRange     '0.5.0',
29 silly addNameRange     '0.5.1',
29 silly addNameRange     '0.5.2',
29 silly addNameRange     '0.5.4',
29 silly addNameRange     '0.5.5',
29 silly addNameRange     '0.5.6',
29 silly addNameRange     '0.5.7',
29 silly addNameRange     '0.5.8',
29 silly addNameRange     '0.5.9',
29 silly addNameRange     '0.5.10',
29 silly addNameRange     '0.5.11',
29 silly addNameRange     '0.5.12',
29 silly addNameRange     '0.6.0',
29 silly addNameRange     '0.6.1',
29 silly addNameRange     '0.6.2',
29 silly addNameRange     '0.6.3',
29 silly addNameRange     '0.6.4',
29 silly addNameRange     '0.6.5',
29 silly addNameRange     '0.6.6',
29 silly addNameRange     '0.6.7',
29 silly addNameRange     '0.6.8',
29 silly addNameRange     '0.6.9',
29 silly addNameRange     '0.6.10',
29 silly addNameRange     '0.7.0',
29 silly addNameRange     '0.7.1',
29 silly addNameRange     '0.7.2',
29 silly addNameRange     '0.7.3',
29 silly addNameRange     '0.7.4',
29 silly addNameRange     '0.7.5',
29 silly addNameRange     '0.7.6',
29 silly addNameRange     '0.7.7',
29 silly addNameRange     '0.7.8',
29 silly addNameRange     '0.7.9',
29 silly addNameRange     '0.7.10',
29 silly addNameRange     '0.7.11',
29 silly addNameRange     '0.7.12',
29 silly addNameRange     '0.7.13',
29 silly addNameRange     '0.7.14',
29 silly addNameRange     '0.7.15',
29 silly addNameRange     '0.7.16',
29 silly addNameRange     '0.7.17',
29 silly addNameRange     '0.7.18',
29 silly addNameRange     '0.7.19',
29 silly addNameRange     '0.7.20',
29 silly addNameRange     '0.7.21',
29 silly addNameRange     '0.7.23',
29 silly addNameRange     '0.7.24',
29 silly addNameRange     '0.7.25',
29 silly addNameRange     '0.7.26',
29 silly addNameRange     '0.7.27',
29 silly addNameRange     '0.7.28',
29 silly addNameRange     '0.8.0',
29 silly addNameRange     '0.8.1',
29 silly addNameRange     '0.8.2',
29 silly addNameRange     '0.8.3' ] ]
30 silly addNamed json-server@0.8.3
31 verbose addNamed "0.8.3" is a plain semver version for json-server
32 silly cache afterAdd json-server@0.8.3
33 verbose afterAdd /Users/aleksandrsabanin/.npm/json-server/0.8.3/package/package.json not in flight; writing
34 verbose afterAdd /Users/aleksandrsabanin/.npm/json-server/0.8.3/package/package.json written
35 silly install resolved [ { name: 'json-server',
35 silly install resolved     version: '0.8.3',
35 silly install resolved     description: 'Serves JSON files through REST routes.',
35 silly install resolved     main: './src/server/index.js',
35 silly install resolved     bin: { 'json-server': './bin/index.js' },
35 silly install resolved     directories: { test: 'test' },
35 silly install resolved     dependencies:
35 silly install resolved      { 'body-parser': '^1.8.1',
35 silly install resolved        chalk: '^0.4.0',
35 silly install resolved        'connect-pause': '^0.1.0',
35 silly install resolved        cors: '^2.3.0',
35 silly install resolved        errorhandler: '^1.2.0',
35 silly install resolved        express: '^4.9.5',
35 silly install resolved        got: '^3.3.0',
35 silly install resolved        lodash: '^3.9.2',
35 silly install resolved        lowdb: '^0.10.0',
35 silly install resolved        'method-override': '^2.1.2',
35 silly install resolved        morgan: '^1.3.1',
35 silly install resolved        'node-uuid': '^1.4.2',
35 silly install resolved        'object-assign': '^4.0.1',
35 silly install resolved        pluralize: '^1.1.2',
35 silly install resolved        'underscore-db': '^0.9.1',
35 silly install resolved        'update-notifier': '^0.5.0',
35 silly install resolved        yargs: '^3.10.0' },
35 silly install resolved     devDependencies:
35 silly install resolved      { husky: '^0.6.1',
35 silly install resolved        mocha: '^2.2.4',
35 silly install resolved        rimraf: '^2.4.1',
35 silly install resolved        'server-ready': '^0.2.0',
35 silly install resolved        standard: '^3.8.0',
35 silly install resolved        supertest: '~0.8.1' },
35 silly install resolved     scripts:
35 silly install resolved      { test: 'NODE_ENV=test mocha -R spec test/**/*.js && standard',
35 silly install resolved        start: 'node bin',
35 silly install resolved        prepush: 'npm t' },
35 silly install resolved     repository:
35 silly install resolved      { type: 'git',
35 silly install resolved        url: 'git://github.com/typicode/json-server.git' },
35 silly install resolved     keywords:
35 silly install resolved      [ 'JSON',
35 silly install resolved        'server',
35 silly install resolved        'fake',
35 silly install resolved        'REST',
35 silly install resolved        'API',
35 silly install resolved        'prototyping',
35 silly install resolved        'mock',
35 silly install resolved        'mocking',
35 silly install resolved        'test',
35 silly install resolved        'testing',
35 silly install resolved        'rest',
35 silly install resolved        'data',
35 silly install resolved        'dummy',
35 silly install resolved        'sandbox' ],
35 silly install resolved     author: { name: 'Typicode', email: 'typicode@gmail.com' },
35 silly install resolved     license: 'MIT',
35 silly install resolved     bugs: { url: 'https://github.com/typicode/json-server/issues' },
35 silly install resolved     homepage: 'https://github.com/typicode/json-server',
35 silly install resolved     gitHead: '3f933b06e6c150b0049cdbd2350797ce13d77f16',
35 silly install resolved     _id: 'json-server@0.8.3',
35 silly install resolved     _shasum: '8230fa1045cf5605a1bc877d55265016f1eb7af0',
35 silly install resolved     _from: 'json-server@*',
35 silly install resolved     _npmVersion: '2.11.2',
35 silly install resolved     _nodeVersion: '0.12.5',
35 silly install resolved     _npmUser: { name: 'typicode', email: 'typicode@gmail.com' },
35 silly install resolved     dist:
35 silly install resolved      { shasum: '8230fa1045cf5605a1bc877d55265016f1eb7af0',
35 silly install resolved        tarball: 'http://registry.npmjs.org/json-server/-/json-server-0.8.3.tgz' },
35 silly install resolved     maintainers: [ [Object] ],
35 silly install resolved     _resolved: 'https://registry.npmjs.org/json-server/-/json-server-0.8.3.tgz',
35 silly install resolved     readme: 'ERROR: No README data found!' } ]
36 info install json-server@0.8.3 into /usr/local/lib
37 info installOne json-server@0.8.3
38 verbose installOne of json-server to /usr/local/lib not in flight; installing
39 verbose lock using /Users/aleksandrsabanin/.npm/_locks/json-server-4a695b378152f936.lock for /usr/local/lib/node_modules/json-server
40 silly install write writing json-server 0.8.3 to /usr/local/lib/node_modules/json-server
41 verbose unbuild lib/node_modules/json-server
42 info preuninstall json-server@0.8.3
43 info uninstall json-server@0.8.3
44 verbose unbuild rmStuff json-server@0.8.3 from /usr/local/lib/node_modules
45 silly gentlyRm /usr/local/bin/json-server is being gently removed
46 silly gentlyRm verifying /usr/local is an npm working directory
47 silly gentlyRm containing path /usr/local is under npm's control, in /usr/local
48 silly gentlyRm deletion target /usr/local/bin/json-server is under /usr/local
49 verbose gentlyRm vacuuming from /usr/local/bin/json-server up to /usr/local
50 silly vacuum-fs removing /usr/local/bin/json-server
51 verbose unlock done using /Users/aleksandrsabanin/.npm/_locks/json-server-4a695b378152f936.lock for /usr/local/lib/node_modules/json-server
52 verbose stack Error: EACCES: permission denied, unlink '/usr/local/bin/json-server'
52 verbose stack     at Error (native)
53 verbose cwd /Users/aleksandrsabanin/Documents/gitReps/Coursera-Front-End-Javascript-Frameworks-AngularJS-Overview-Assignment-4
54 error Darwin 15.0.0
55 error argv "/usr/local/bin/node" "/usr/local/bin/npm" "install" "json-server" "-g"
56 error node v4.2.2
57 error npm  v2.14.7
58 error path /usr/local/bin/json-server
59 error code EACCES
60 error errno -13
61 error syscall unlink
62 error Error: EACCES: permission denied, unlink '/usr/local/bin/json-server'
62 error     at Error (native)
62 error  { [Error: EACCES: permission denied, unlink '/usr/local/bin/json-server']
62 error   errno: -13,
62 error   code: 'EACCES',
62 error   syscall: 'unlink',
62 error   path: '/usr/local/bin/json-server' }
63 error Please try running this command again as root/Administrator.
64 verbose exit [ -13, true ]
65 verbose unbuild lib/node_modules/json-server
66 info preuninstall json-server@0.8.3
67 info uninstall json-server@0.8.3
68 verbose unbuild rmStuff json-server@0.8.3 from /usr/local/lib/node_modules
69 silly gentlyRm /usr/local/bin/json-server is being gently removed
70 silly gentlyRm verifying /usr/local is an npm working directory
71 silly gentlyRm containing path /usr/local is under npm's control, in /usr/local
72 silly gentlyRm deletion target /usr/local/bin/json-server is under /usr/local
73 verbose gentlyRm vacuuming from /usr/local/bin/json-server up to /usr/local
74 silly vacuum-fs removing /usr/local/bin/json-server
75 error error rolling back Error: EACCES: permission denied, unlink '/usr/local/bin/json-server'
75 error error rolling back     at Error (native)
75 error error rolling back  { [Error: EACCES: permission denied, unlink '/usr/local/bin/json-server']
75 error error rolling back   errno: -13,
75 error error rolling back   code: 'EACCES',
75 error error rolling back   syscall: 'unlink',
75 error error rolling back   path: '/usr/local/bin/json-server' }
